<?xml version="1.0" encoding="UTF-8"?>
<testsuite xmlns:xsi="http://www.w3.org/2001/XMLSchema-instance" xsi:noNamespaceSchemaLocation="https://maven.apache.org/surefire/maven-surefire-plugin/xsd/surefire-test-report-3.0.xsd" version="3.0" name="com.example.cache.storage.InMemoryLRUCacheTest" time="1.231" tests="14" errors="0" skipped="0" failures="0">
  <properties>
[...]
</properties>
  <testcase name="testTTLExpiration" classname="com.example.cache.storage.InMemoryLRUCacheTest" time="1.102"/>
  <testcase name="testGetNonExistent" classname="com.example.cache.storage.InMemoryLRUCacheTest" time="0.001"/>
  <testcase name="testClear" classname="com.example.cache.storage.InMemoryLRUCacheTest" time="0.002"/>
  <testcase name="testZeroTTL" classname="com.example.cache.storage.InMemoryLRUCacheTest" time="0.105"/>
  <testcase name="testPutAndGet" classname="com.example.cache.storage.InMemoryLRUCacheTest" time="0.001"/>
  <testcase name="testMetrics" classname="com.example.cache.storage.InMemoryLRUCacheTest" time="0.0"/>
  <testcase name="testInvalidConstructorParams" classname="com.example.cache.storage.InMemoryLRUCacheTest" time="0.002"/>
  <testcase name="testLRUEviction" classname="com.example.cache.storage.InMemoryLRUCacheTest" time="0.001"/>
  <testcase name="testRemove" classname="com.example.cache.storage.InMemoryLRUCacheTest" time="0.0"/>
  <testcase name="testNullValue" classname="com.example.cache.storage.InMemoryLRUCacheTest" time="0.0"/>
  <testcase name="testConcurrentAccess" classname="com.example.cache.storage.InMemoryLRUCacheTest" time="0.005"/>
  <testcase name="testUpdateExisting" classname="com.example.cache.storage.InMemoryLRUCacheTest" time="0.001"/>
  <testcase name="testLRUOrdering" classname="com.example.cache.storage.InMemoryLRUCacheTest" time="0.0"/>
  <testcase name="testNullKey" classname="com.example.cache.storage.InMemoryLRUCacheTest" time="0.001"/>
</testsuite>